[2022-03-24 00:38:04.222] [exthost] [info] Extension host with pid 37531 started
[2022-03-24 00:38:04.434] [exthost] [info] ExtensionService#_doActivateExtension vscode.debug-auto-launch, startup: true, activationEvent: '*'
[2022-03-24 00:38:04.460] [exthost] [info] ExtensionService#_doActivateExtension vscode.git-base, startup: true, activationEvent: '*', root cause: vscode.github
[2022-03-24 00:38:04.607] [exthost] [info] ExtensionService#_doActivateExtension vscode.ipynb, startup: true, activationEvent: '*'
[2022-03-24 00:38:05.009] [exthost] [info] ExtensionService#_doActivateExtension vscode.git, startup: true, activationEvent: '*'
[2022-03-24 00:38:05.445] [exthost] [info] ExtensionService#_doActivateExtension vscode.github, startup: true, activationEvent: '*'
[2022-03-24 00:38:05.883] [exthost] [info] Eager extensions activated
[2022-03-24 00:38:05.900] [exthost] [info] ExtensionService#_doActivateExtension vscode.emmet, startup: false, activationEvent: 'onStartupFinished'
[2022-03-24 00:38:06.277] [exthost] [info] ExtensionService#_doActivateExtension vscode.merge-conflict, startup: false, activationEvent: 'onStartupFinished'
[2022-03-24 00:38:06.426] [exthost] [info] ExtensionService#_doActivateExtension PKief.material-icon-theme, startup: false, activationEvent: 'onStartupFinished'
[2022-03-24 00:38:45.443] [exthost] [info] extension host terminating: renderer closed the socket
[2022-03-24 00:38:45.465] [exthost] [info] Extension host with pid 37531 exiting with code 0
[2022-03-24 00:38:48.576] [exthost] [info] Extension host with pid 37684 started
[2022-03-24 00:38:48.576] [exthost] [info] Skipping acquiring lock for /home/gabriel/Público/crudAngular/~/.vscode/User/workspaceStorage/a21af65c0537e2e38195500f0811f2c1.
[2022-03-24 00:38:48.867] [exthost] [info] ExtensionService#_doActivateExtension vscode.debug-auto-launch, startup: true, activationEvent: '*'
[2022-03-24 00:38:48.871] [exthost] [info] ExtensionService#_doActivateExtension vscode.git-base, startup: true, activationEvent: '*', root cause: vscode.github
[2022-03-24 00:38:48.873] [exthost] [info] ExtensionService#_doActivateExtension vscode.ipynb, startup: true, activationEvent: '*'
[2022-03-24 00:38:48.955] [exthost] [info] ExtensionService#_doActivateExtension vscode.github, startup: true, activationEvent: '*'
[2022-03-24 00:38:48.961] [exthost] [info] Eager extensions activated
[2022-03-24 00:38:48.965] [exthost] [info] ExtensionService#_doActivateExtension vscode.emmet, startup: false, activationEvent: 'onStartupFinished'
[2022-03-24 00:38:48.970] [exthost] [info] ExtensionService#_doActivateExtension vscode.merge-conflict, startup: false, activationEvent: 'onStartupFinished'
[2022-03-24 00:38:48.972] [exthost] [info] ExtensionService#_doActivateExtension PKief.material-icon-theme, startup: false, activationEvent: 'onStartupFinished'
[2022-03-24 00:38:49.532] [exthost] [info] ExtensionService#_doActivateExtension vscode.git, startup: false, activationEvent: 'api', root cause: vscode.github
[2022-03-24 00:38:54.011] [exthost] [warning] [Decorations] CAPPING events from decorations provider vscode.git 2838
[2022-03-24 00:38:58.993] [exthost] [warning] [Decorations] CAPPING events from decorations provider vscode.git 2839
[2022-03-24 00:39:04.190] [exthost] [warning] [Decorations] CAPPING events from decorations provider vscode.git 2837
[2022-03-24 00:39:09.341] [exthost] [warning] [Decorations] CAPPING events from decorations provider vscode.git 2837
[2022-03-24 00:39:14.499] [exthost] [warning] [Decorations] CAPPING events from decorations provider vscode.git 2837
[2022-03-24 00:39:19.716] [exthost] [warning] [Decorations] CAPPING events from decorations provider vscode.git 2837
[2022-03-24 00:39:24.151] [exthost] [warning] [Decorations] CAPPING events from decorations provider vscode.git 2837
[2022-03-24 00:39:24.870] [exthost] [warning] [Decorations] CAPPING events from decorations provider vscode.git 472
[2022-03-24 00:39:29.973] [exthost] [warning] [Decorations] CAPPING events from decorations provider vscode.git 472
[2022-03-24 00:39:35.073] [exthost] [warning] [Decorations] CAPPING events from decorations provider vscode.git 472
[2022-03-24 00:39:40.162] [exthost] [warning] [Decorations] CAPPING events from decorations provider vscode.git 472
[2022-03-24 00:39:45.262] [exthost] [warning] [Decorations] CAPPING events from decorations provider vscode.git 472
[2022-03-24 00:39:50.353] [exthost] [warning] [Decorations] CAPPING events from decorations provider vscode.git 472
[2022-03-24 00:39:55.451] [exthost] [warning] [Decorations] CAPPING events from decorations provider vscode.git 472
[2022-03-24 00:40:00.540] [exthost] [warning] [Decorations] CAPPING events from decorations provider vscode.git 472
[2022-03-24 00:40:05.652] [exthost] [warning] [Decorations] CAPPING events from decorations provider vscode.git 472
[2022-03-24 00:40:10.737] [exthost] [warning] [Decorations] CAPPING events from decorations provider vscode.git 472
[2022-03-24 00:40:15.826] [exthost] [warning] [Decorations] CAPPING events from decorations provider vscode.git 472
[2022-03-24 00:40:20.932] [exthost] [warning] [Decorations] CAPPING events from decorations provider vscode.git 472
[2022-03-24 00:40:26.036] [exthost] [warning] [Decorations] CAPPING events from decorations provider vscode.git 472
[2022-03-24 00:40:31.129] [exthost] [warning] [Decorations] CAPPING events from decorations provider vscode.git 472
[2022-03-24 00:40:36.219] [exthost] [warning] [Decorations] CAPPING events from decorations provider vscode.git 472
[2022-03-24 00:40:41.313] [exthost] [warning] [Decorations] CAPPING events from decorations provider vscode.git 472
[2022-03-24 00:40:46.403] [exthost] [warning] [Decorations] CAPPING events from decorations provider vscode.git 472
[2022-03-24 00:40:51.489] [exthost] [warning] [Decorations] CAPPING events from decorations provider vscode.git 472
[2022-03-24 00:40:56.575] [exthost] [warning] [Decorations] CAPPING events from decorations provider vscode.git 472
[2022-03-24 00:41:01.671] [exthost] [warning] [Decorations] CAPPING events from decorations provider vscode.git 472
[2022-03-24 00:41:06.775] [exthost] [warning] [Decorations] CAPPING events from decorations provider vscode.git 472
[2022-03-24 00:41:11.870] [exthost] [warning] [Decorations] CAPPING events from decorations provider vscode.git 472
[2022-03-24 00:41:16.950] [exthost] [warning] [Decorations] CAPPING events from decorations provider vscode.git 472
[2022-03-24 00:41:22.041] [exthost] [warning] [Decorations] CAPPING events from decorations provider vscode.git 472
[2022-03-24 00:41:27.137] [exthost] [warning] [Decorations] CAPPING events from decorations provider vscode.git 472
[2022-03-24 00:41:32.219] [exthost] [warning] [Decorations] CAPPING events from decorations provider vscode.git 472
[2022-03-24 00:41:37.305] [exthost] [warning] [Decorations] CAPPING events from decorations provider vscode.git 472
[2022-03-24 00:41:42.393] [exthost] [warning] [Decorations] CAPPING events from decorations provider vscode.git 472
[2022-03-24 00:41:47.480] [exthost] [warning] [Decorations] CAPPING events from decorations provider vscode.git 472
[2022-03-24 00:41:52.577] [exthost] [warning] [Decorations] CAPPING events from decorations provider vscode.git 472
[2022-03-24 00:41:57.671] [exthost] [warning] [Decorations] CAPPING events from decorations provider vscode.git 472
[2022-03-24 00:42:02.760] [exthost] [warning] [Decorations] CAPPING events from decorations provider vscode.git 472
[2022-03-24 00:42:07.847] [exthost] [warning] [Decorations] CAPPING events from decorations provider vscode.git 472
[2022-03-24 00:42:12.935] [exthost] [warning] [Decorations] CAPPING events from decorations provider vscode.git 472
[2022-03-24 00:42:18.022] [exthost] [warning] [Decorations] CAPPING events from decorations provider vscode.git 472
[2022-03-24 00:42:23.110] [exthost] [warning] [Decorations] CAPPING events from decorations provider vscode.git 472
[2022-03-24 00:42:28.195] [exthost] [warning] [Decorations] CAPPING events from decorations provider vscode.git 472
[2022-03-24 00:42:33.298] [exthost] [warning] [Decorations] CAPPING events from decorations provider vscode.git 472
[2022-03-24 00:42:38.379] [exthost] [warning] [Decorations] CAPPING events from decorations provider vscode.git 472
[2022-03-24 00:42:43.467] [exthost] [warning] [Decorations] CAPPING events from decorations provider vscode.git 472
[2022-03-24 00:42:48.552] [exthost] [warning] [Decorations] CAPPING events from decorations provider vscode.git 472
[2022-03-24 00:42:53.651] [exthost] [warning] [Decorations] CAPPING events from decorations provider vscode.git 472
[2022-03-24 00:42:58.745] [exthost] [warning] [Decorations] CAPPING events from decorations provider vscode.git 472
[2022-03-24 00:43:03.832] [exthost] [warning] [Decorations] CAPPING events from decorations provider vscode.git 472
[2022-03-24 00:43:08.917] [exthost] [warning] [Decorations] CAPPING events from decorations provider vscode.git 472
[2022-03-24 00:43:14.011] [exthost] [warning] [Decorations] CAPPING events from decorations provider vscode.git 472
[2022-03-24 00:43:19.121] [exthost] [warning] [Decorations] CAPPING events from decorations provider vscode.git 472
[2022-03-24 00:43:24.206] [exthost] [warning] [Decorations] CAPPING events from decorations provider vscode.git 472
[2022-03-24 00:43:29.300] [exthost] [warning] [Decorations] CAPPING events from decorations provider vscode.git 472
[2022-03-24 00:43:34.387] [exthost] [warning] [Decorations] CAPPING events from decorations provider vscode.git 472
[2022-03-24 00:43:39.492] [exthost] [warning] [Decorations] CAPPING events from decorations provider vscode.git 472
[2022-03-24 00:43:44.590] [exthost] [warning] [Decorations] CAPPING events from decorations provider vscode.git 472
[2022-03-24 00:43:49.679] [exthost] [warning] [Decorations] CAPPING events from decorations provider vscode.git 472
[2022-03-24 00:43:54.798] [exthost] [warning] [Decorations] CAPPING events from decorations provider vscode.git 472
[2022-03-24 00:43:59.886] [exthost] [warning] [Decorations] CAPPING events from decorations provider vscode.git 472
[2022-03-24 00:44:04.974] [exthost] [warning] [Decorations] CAPPING events from decorations provider vscode.git 472
[2022-03-24 00:44:10.071] [exthost] [warning] [Decorations] CAPPING events from decorations provider vscode.git 472
[2022-03-24 00:44:15.157] [exthost] [warning] [Decorations] CAPPING events from decorations provider vscode.git 472
[2022-03-24 00:44:20.272] [exthost] [warning] [Decorations] CAPPING events from decorations provider vscode.git 472
[2022-03-24 00:44:25.360] [exthost] [warning] [Decorations] CAPPING events from decorations provider vscode.git 472
[2022-03-24 00:44:30.445] [exthost] [warning] [Decorations] CAPPING events from decorations provider vscode.git 472
[2022-03-24 00:44:35.529] [exthost] [warning] [Decorations] CAPPING events from decorations provider vscode.git 472
[2022-03-24 00:44:40.616] [exthost] [warning] [Decorations] CAPPING events from decorations provider vscode.git 472
[2022-03-24 00:44:45.707] [exthost] [warning] [Decorations] CAPPING events from decorations provider vscode.git 472
[2022-03-24 00:44:50.791] [exthost] [warning] [Decorations] CAPPING events from decorations provider vscode.git 472
[2022-03-24 00:44:55.876] [exthost] [warning] [Decorations] CAPPING events from decorations provider vscode.git 472
[2022-03-24 00:45:00.963] [exthost] [warning] [Decorations] CAPPING events from decorations provider vscode.git 472
[2022-03-24 00:45:06.057] [exthost] [warning] [Decorations] CAPPING events from decorations provider vscode.git 472
[2022-03-24 00:45:11.143] [exthost] [warning] [Decorations] CAPPING events from decorations provider vscode.git 472
[2022-03-24 00:45:16.232] [exthost] [warning] [Decorations] CAPPING events from decorations provider vscode.git 472
[2022-03-24 00:45:21.326] [exthost] [warning] [Decorations] CAPPING events from decorations provider vscode.git 472
[2022-03-24 00:45:26.414] [exthost] [warning] [Decorations] CAPPING events from decorations provider vscode.git 472
[2022-03-24 00:45:31.525] [exthost] [warning] [Decorations] CAPPING events from decorations provider vscode.git 472
[2022-03-24 00:45:36.613] [exthost] [warning] [Decorations] CAPPING events from decorations provider vscode.git 472
[2022-03-24 00:45:41.701] [exthost] [warning] [Decorations] CAPPING events from decorations provider vscode.git 472
[2022-03-24 00:45:46.792] [exthost] [warning] [Decorations] CAPPING events from decorations provider vscode.git 472
[2022-03-24 00:45:51.880] [exthost] [warning] [Decorations] CAPPING events from decorations provider vscode.git 472
[2022-03-24 00:45:56.974] [exthost] [warning] [Decorations] CAPPING events from decorations provider vscode.git 472
[2022-03-24 00:46:02.066] [exthost] [warning] [Decorations] CAPPING events from decorations provider vscode.git 472
[2022-03-24 00:46:07.177] [exthost] [warning] [Decorations] CAPPING events from decorations provider vscode.git 472
[2022-03-24 00:46:12.264] [exthost] [warning] [Decorations] CAPPING events from decorations provider vscode.git 472
[2022-03-24 00:46:17.350] [exthost] [warning] [Decorations] CAPPING events from decorations provider vscode.git 472
[2022-03-24 00:46:22.463] [exthost] [warning] [Decorations] CAPPING events from decorations provider vscode.git 472
[2022-03-24 00:46:27.600] [exthost] [warning] [Decorations] CAPPING events from decorations provider vscode.git 472
[2022-03-24 00:46:32.781] [exthost] [warning] [Decorations] CAPPING events from decorations provider vscode.git 472
[2022-03-24 00:46:37.895] [exthost] [warning] [Decorations] CAPPING events from decorations provider vscode.git 472
[2022-03-24 00:46:42.997] [exthost] [warning] [Decorations] CAPPING events from decorations provider vscode.git 472
[2022-03-24 00:46:48.107] [exthost] [warning] [Decorations] CAPPING events from decorations provider vscode.git 472
[2022-03-24 00:46:53.188] [exthost] [warning] [Decorations] CAPPING events from decorations provider vscode.git 472
[2022-03-24 00:46:58.273] [exthost] [warning] [Decorations] CAPPING events from decorations provider vscode.git 472
[2022-03-24 00:47:03.359] [exthost] [warning] [Decorations] CAPPING events from decorations provider vscode.git 472
[2022-03-24 00:47:08.450] [exthost] [warning] [Decorations] CAPPING events from decorations provider vscode.git 472
[2022-03-24 00:47:13.538] [exthost] [warning] [Decorations] CAPPING events from decorations provider vscode.git 472
[2022-03-24 00:47:18.623] [exthost] [warning] [Decorations] CAPPING events from decorations provider vscode.git 472
[2022-03-24 00:47:23.717] [exthost] [warning] [Decorations] CAPPING events from decorations provider vscode.git 472
[2022-03-24 00:47:28.922] [exthost] [warning] [Decorations] CAPPING events from decorations provider vscode.git 472
[2022-03-24 00:47:34.006] [exthost] [warning] [Decorations] CAPPING events from decorations provider vscode.git 472
[2022-03-24 00:47:39.088] [exthost] [warning] [Decorations] CAPPING events from decorations provider vscode.git 472
[2022-03-24 00:47:44.183] [exthost] [warning] [Decorations] CAPPING events from decorations provider vscode.git 472
[2022-03-24 00:47:49.280] [exthost] [warning] [Decorations] CAPPING events from decorations provider vscode.git 472
[2022-03-24 00:47:54.370] [exthost] [warning] [Decorations] CAPPING events from decorations provider vscode.git 472
[2022-03-24 00:47:59.471] [exthost] [warning] [Decorations] CAPPING events from decorations provider vscode.git 472
[2022-03-24 00:48:04.567] [exthost] [warning] [Decorations] CAPPING events from decorations provider vscode.git 472
[2022-03-24 00:48:09.672] [exthost] [warning] [Decorations] CAPPING events from decorations provider vscode.git 472
[2022-03-24 00:48:14.766] [exthost] [warning] [Decorations] CAPPING events from decorations provider vscode.git 472
[2022-03-24 00:48:19.848] [exthost] [warning] [Decorations] CAPPING events from decorations provider vscode.git 472
[2022-03-24 00:48:24.936] [exthost] [warning] [Decorations] CAPPING events from decorations provider vscode.git 472
[2022-03-24 00:48:30.019] [exthost] [warning] [Decorations] CAPPING events from decorations provider vscode.git 472
[2022-03-24 00:48:35.111] [exthost] [warning] [Decorations] CAPPING events from decorations provider vscode.git 472
[2022-03-24 00:48:40.201] [exthost] [warning] [Decorations] CAPPING events from decorations provider vscode.git 472
[2022-03-24 00:48:45.295] [exthost] [warning] [Decorations] CAPPING events from decorations provider vscode.git 472
[2022-03-24 00:48:50.384] [exthost] [warning] [Decorations] CAPPING events from decorations provider vscode.git 472
[2022-03-24 00:48:55.489] [exthost] [warning] [Decorations] CAPPING events from decorations provider vscode.git 472
[2022-03-24 00:49:00.596] [exthost] [warning] [Decorations] CAPPING events from decorations provider vscode.git 472
[2022-03-24 00:49:05.687] [exthost] [warning] [Decorations] CAPPING events from decorations provider vscode.git 472
[2022-03-24 00:49:10.772] [exthost] [warning] [Decorations] CAPPING events from decorations provider vscode.git 472
[2022-03-24 00:49:15.871] [exthost] [warning] [Decorations] CAPPING events from decorations provider vscode.git 472
[2022-03-24 00:49:20.959] [exthost] [warning] [Decorations] CAPPING events from decorations provider vscode.git 472
[2022-03-24 00:49:26.047] [exthost] [warning] [Decorations] CAPPING events from decorations provider vscode.git 472
[2022-03-24 00:49:31.134] [exthost] [warning] [Decorations] CAPPING events from decorations provider vscode.git 472
[2022-03-24 00:49:36.223] [exthost] [warning] [Decorations] CAPPING events from decorations provider vscode.git 472
[2022-03-24 00:49:41.326] [exthost] [warning] [Decorations] CAPPING events from decorations provider vscode.git 472
[2022-03-24 00:49:46.412] [exthost] [warning] [Decorations] CAPPING events from decorations provider vscode.git 472
[2022-03-24 00:49:51.496] [exthost] [warning] [Decorations] CAPPING events from decorations provider vscode.git 472
[2022-03-24 00:49:56.588] [exthost] [warning] [Decorations] CAPPING events from decorations provider vscode.git 472
[2022-03-24 00:50:01.689] [exthost] [warning] [Decorations] CAPPING events from decorations provider vscode.git 472
[2022-03-24 00:50:06.782] [exthost] [warning] [Decorations] CAPPING events from decorations provider vscode.git 472
[2022-03-24 00:50:11.866] [exthost] [warning] [Decorations] CAPPING events from decorations provider vscode.git 472
[2022-03-24 00:50:16.950] [exthost] [warning] [Decorations] CAPPING events from decorations provider vscode.git 472
[2022-03-24 00:50:22.036] [exthost] [warning] [Decorations] CAPPING events from decorations provider vscode.git 472
[2022-03-24 00:50:27.131] [exthost] [warning] [Decorations] CAPPING events from decorations provider vscode.git 472
[2022-03-24 00:50:32.223] [exthost] [warning] [Decorations] CAPPING events from decorations provider vscode.git 472
[2022-03-24 00:50:37.318] [exthost] [warning] [Decorations] CAPPING events from decorations provider vscode.git 472
[2022-03-24 00:50:42.425] [exthost] [warning] [Decorations] CAPPING events from decorations provider vscode.git 472
[2022-03-24 00:50:47.523] [exthost] [warning] [Decorations] CAPPING events from decorations provider vscode.git 472
[2022-03-24 00:50:52.609] [exthost] [warning] [Decorations] CAPPING events from decorations provider vscode.git 472
[2022-03-24 00:50:57.696] [exthost] [warning] [Decorations] CAPPING events from decorations provider vscode.git 472
[2022-03-24 00:51:02.793] [exthost] [warning] [Decorations] CAPPING events from decorations provider vscode.git 472
[2022-03-24 00:51:07.887] [exthost] [warning] [Decorations] CAPPING events from decorations provider vscode.git 472
[2022-03-24 00:51:12.977] [exthost] [warning] [Decorations] CAPPING events from decorations provider vscode.git 472
[2022-03-24 00:51:18.059] [exthost] [warning] [Decorations] CAPPING events from decorations provider vscode.git 472
[2022-03-24 00:51:23.148] [exthost] [warning] [Decorations] CAPPING events from decorations provider vscode.git 472
[2022-03-24 00:51:28.236] [exthost] [warning] [Decorations] CAPPING events from decorations provider vscode.git 472
[2022-03-24 00:51:33.319] [exthost] [warning] [Decorations] CAPPING events from decorations provider vscode.git 472
[2022-03-24 00:51:38.401] [exthost] [warning] [Decorations] CAPPING events from decorations provider vscode.git 472
[2022-03-24 00:51:43.503] [exthost] [warning] [Decorations] CAPPING events from decorations provider vscode.git 472
[2022-03-24 00:51:48.596] [exthost] [warning] [Decorations] CAPPING events from decorations provider vscode.git 472
[2022-03-24 00:51:53.683] [exthost] [warning] [Decorations] CAPPING events from decorations provider vscode.git 472
[2022-03-24 00:51:58.773] [exthost] [warning] [Decorations] CAPPING events from decorations provider vscode.git 472
[2022-03-24 00:52:03.862] [exthost] [warning] [Decorations] CAPPING events from decorations provider vscode.git 472
[2022-03-24 00:52:08.947] [exthost] [warning] [Decorations] CAPPING events from decorations provider vscode.git 472
[2022-03-24 00:52:14.034] [exthost] [warning] [Decorations] CAPPING events from decorations provider vscode.git 472
[2022-03-24 00:52:19.121] [exthost] [warning] [Decorations] CAPPING events from decorations provider vscode.git 472
[2022-03-24 00:52:24.212] [exthost] [warning] [Decorations] CAPPING events from decorations provider vscode.git 472
[2022-03-24 00:52:29.303] [exthost] [warning] [Decorations] CAPPING events from decorations provider vscode.git 472
[2022-03-24 00:52:34.388] [exthost] [warning] [Decorations] CAPPING events from decorations provider vscode.git 472
[2022-03-24 00:52:39.482] [exthost] [warning] [Decorations] CAPPING events from decorations provider vscode.git 472
[2022-03-24 00:52:44.577] [exthost] [warning] [Decorations] CAPPING events from decorations provider vscode.git 472
[2022-03-24 00:52:49.681] [exthost] [warning] [Decorations] CAPPING events from decorations provider vscode.git 472
[2022-03-24 00:52:54.776] [exthost] [warning] [Decorations] CAPPING events from decorations provider vscode.git 472
[2022-03-24 00:52:59.862] [exthost] [warning] [Decorations] CAPPING events from decorations provider vscode.git 472
[2022-03-24 00:53:04.951] [exthost] [warning] [Decorations] CAPPING events from decorations provider vscode.git 472
[2022-03-24 00:53:10.053] [exthost] [warning] [Decorations] CAPPING events from decorations provider vscode.git 472
[2022-03-24 00:53:15.152] [exthost] [warning] [Decorations] CAPPING events from decorations provider vscode.git 472
[2022-03-24 00:53:20.236] [exthost] [warning] [Decorations] CAPPING events from decorations provider vscode.git 472
[2022-03-24 00:53:25.321] [exthost] [warning] [Decorations] CAPPING events from decorations provider vscode.git 472
[2022-03-24 00:53:30.413] [exthost] [warning] [Decorations] CAPPING events from decorations provider vscode.git 472
[2022-03-24 00:53:35.500] [exthost] [warning] [Decorations] CAPPING events from decorations provider vscode.git 472
[2022-03-24 00:53:40.593] [exthost] [warning] [Decorations] CAPPING events from decorations provider vscode.git 472
[2022-03-24 00:53:45.686] [exthost] [warning] [Decorations] CAPPING events from decorations provider vscode.git 472
[2022-03-24 00:53:50.778] [exthost] [warning] [Decorations] CAPPING events from decorations provider vscode.git 472
[2022-03-24 00:53:55.870] [exthost] [warning] [Decorations] CAPPING events from decorations provider vscode.git 472
[2022-03-24 00:54:00.955] [exthost] [warning] [Decorations] CAPPING events from decorations provider vscode.git 472
[2022-03-24 00:54:06.041] [exthost] [warning] [Decorations] CAPPING events from decorations provider vscode.git 472
[2022-03-24 00:54:11.138] [exthost] [warning] [Decorations] CAPPING events from decorations provider vscode.git 472
[2022-03-24 00:54:16.226] [exthost] [warning] [Decorations] CAPPING events from decorations provider vscode.git 472
[2022-03-24 00:54:21.311] [exthost] [warning] [Decorations] CAPPING events from decorations provider vscode.git 472
[2022-03-24 00:54:26.397] [exthost] [warning] [Decorations] CAPPING events from decorations provider vscode.git 472
[2022-03-24 00:54:31.502] [exthost] [warning] [Decorations] CAPPING events from decorations provider vscode.git 472
[2022-03-24 00:54:36.592] [exthost] [warning] [Decorations] CAPPING events from decorations provider vscode.git 472
[2022-03-24 00:54:41.685] [exthost] [warning] [Decorations] CAPPING events from decorations provider vscode.git 472
[2022-03-24 00:54:46.764] [exthost] [warning] [Decorations] CAPPING events from decorations provider vscode.git 472
[2022-03-24 00:54:51.854] [exthost] [warning] [Decorations] CAPPING events from decorations provider vscode.git 472
[2022-03-24 00:54:56.952] [exthost] [warning] [Decorations] CAPPING events from decorations provider vscode.git 472
[2022-03-24 00:55:02.039] [exthost] [warning] [Decorations] CAPPING events from decorations provider vscode.git 472
[2022-03-24 00:55:07.126] [exthost] [warning] [Decorations] CAPPING events from decorations provider vscode.git 472
[2022-03-24 00:55:12.218] [exthost] [warning] [Decorations] CAPPING events from decorations provider vscode.git 472
[2022-03-24 00:55:17.304] [exthost] [warning] [Decorations] CAPPING events from decorations provider vscode.git 472
[2022-03-24 00:55:22.395] [exthost] [warning] [Decorations] CAPPING events from decorations provider vscode.git 472
[2022-03-24 00:55:27.488] [exthost] [warning] [Decorations] CAPPING events from decorations provider vscode.git 472
[2022-03-24 00:55:32.579] [exthost] [warning] [Decorations] CAPPING events from decorations provider vscode.git 472
[2022-03-24 00:55:37.689] [exthost] [warning] [Decorations] CAPPING events from decorations provider vscode.git 472
[2022-03-24 00:55:42.786] [exthost] [warning] [Decorations] CAPPING events from decorations provider vscode.git 472
[2022-03-24 00:55:47.871] [exthost] [warning] [Decorations] CAPPING events from decorations provider vscode.git 472
[2022-03-24 00:55:52.963] [exthost] [warning] [Decorations] CAPPING events from decorations provider vscode.git 472
[2022-03-24 00:55:58.053] [exthost] [warning] [Decorations] CAPPING events from decorations provider vscode.git 472
[2022-03-24 00:56:03.141] [exthost] [warning] [Decorations] CAPPING events from decorations provider vscode.git 472
[2022-03-24 00:56:08.229] [exthost] [warning] [Decorations] CAPPING events from decorations provider vscode.git 472
[2022-03-24 00:56:13.315] [exthost] [warning] [Decorations] CAPPING events from decorations provider vscode.git 472
[2022-03-24 00:56:18.400] [exthost] [warning] [Decorations] CAPPING events from decorations provider vscode.git 472
[2022-03-24 00:56:23.486] [exthost] [warning] [Decorations] CAPPING events from decorations provider vscode.git 472
[2022-03-24 00:56:28.569] [exthost] [warning] [Decorations] CAPPING events from decorations provider vscode.git 472
[2022-03-24 00:56:33.658] [exthost] [warning] [Decorations] CAPPING events from decorations provider vscode.git 472
[2022-03-24 00:56:38.758] [exthost] [warning] [Decorations] CAPPING events from decorations provider vscode.git 472
[2022-03-24 00:56:43.850] [exthost] [warning] [Decorations] CAPPING events from decorations provider vscode.git 472
[2022-03-24 00:56:48.932] [exthost] [warning] [Decorations] CAPPING events from decorations provider vscode.git 472
[2022-03-24 00:56:54.021] [exthost] [warning] [Decorations] CAPPING events from decorations provider vscode.git 472
[2022-03-24 00:56:59.109] [exthost] [warning] [Decorations] CAPPING events from decorations provider vscode.git 472
[2022-03-24 00:57:04.199] [exthost] [warning] [Decorations] CAPPING events from decorations provider vscode.git 472
[2022-03-24 00:57:09.286] [exthost] [warning] [Decorations] CAPPING events from decorations provider vscode.git 472
[2022-03-24 00:57:14.406] [exthost] [warning] [Decorations] CAPPING events from decorations provider vscode.git 472
[2022-03-24 00:57:19.513] [exthost] [warning] [Decorations] CAPPING events from decorations provider vscode.git 472
[2022-03-24 00:57:24.601] [exthost] [warning] [Decorations] CAPPING events from decorations provider vscode.git 472
[2022-03-24 00:57:29.686] [exthost] [warning] [Decorations] CAPPING events from decorations provider vscode.git 472
[2022-03-24 00:57:34.772] [exthost] [warning] [Decorations] CAPPING events from decorations provider vscode.git 472
[2022-03-24 00:57:39.868] [exthost] [warning] [Decorations] CAPPING events from decorations provider vscode.git 472
[2022-03-24 00:57:44.971] [exthost] [warning] [Decorations] CAPPING events from decorations provider vscode.git 472
[2022-03-24 00:57:50.057] [exthost] [warning] [Decorations] CAPPING events from decorations provider vscode.git 472
[2022-03-24 00:57:55.150] [exthost] [warning] [Decorations] CAPPING events from decorations provider vscode.git 472
[2022-03-24 00:58:00.245] [exthost] [warning] [Decorations] CAPPING events from decorations provider vscode.git 472
[2022-03-24 00:58:05.346] [exthost] [warning] [Decorations] CAPPING events from decorations provider vscode.git 472
[2022-03-24 00:58:10.452] [exthost] [warning] [Decorations] CAPPING events from decorations provider vscode.git 472
[2022-03-24 00:58:15.542] [exthost] [warning] [Decorations] CAPPING events from decorations provider vscode.git 472
[2022-03-24 00:58:20.627] [exthost] [warning] [Decorations] CAPPING events from decorations provider vscode.git 472
[2022-03-24 00:58:25.716] [exthost] [warning] [Decorations] CAPPING events from decorations provider vscode.git 472
[2022-03-24 00:58:30.806] [exthost] [warning] [Decorations] CAPPING events from decorations provider vscode.git 472
[2022-03-24 00:58:35.892] [exthost] [warning] [Decorations] CAPPING events from decorations provider vscode.git 472
[2022-03-24 00:58:40.987] [exthost] [warning] [Decorations] CAPPING events from decorations provider vscode.git 472
[2022-03-24 00:58:46.074] [exthost] [warning] [Decorations] CAPPING events from decorations provider vscode.git 472
[2022-03-24 00:58:51.178] [exthost] [warning] [Decorations] CAPPING events from decorations provider vscode.git 472
[2022-03-24 00:58:56.264] [exthost] [warning] [Decorations] CAPPING events from decorations provider vscode.git 472
[2022-03-24 00:59:01.354] [exthost] [warning] [Decorations] CAPPING events from decorations provider vscode.git 472
[2022-03-24 00:59:06.444] [exthost] [warning] [Decorations] CAPPING events from decorations provider vscode.git 472
[2022-03-24 00:59:11.544] [exthost] [warning] [Decorations] CAPPING events from decorations provider vscode.git 472
[2022-03-24 00:59:16.630] [exthost] [warning] [Decorations] CAPPING events from decorations provider vscode.git 472
[2022-03-24 00:59:21.739] [exthost] [warning] [Decorations] CAPPING events from decorations provider vscode.git 472
[2022-03-24 00:59:26.847] [exthost] [warning] [Decorations] CAPPING events from decorations provider vscode.git 472
[2022-03-24 00:59:31.937] [exthost] [warning] [Decorations] CAPPING events from decorations provider vscode.git 472
[2022-03-24 00:59:37.023] [exthost] [warning] [Decorations] CAPPING events from decorations provider vscode.git 472
[2022-03-24 00:59:42.109] [exthost] [warning] [Decorations] CAPPING events from decorations provider vscode.git 472
[2022-03-24 00:59:47.199] [exthost] [warning] [Decorations] CAPPING events from decorations provider vscode.git 472
[2022-03-24 00:59:52.282] [exthost] [warning] [Decorations] CAPPING events from decorations provider vscode.git 472
[2022-03-24 00:59:57.368] [exthost] [warning] [Decorations] CAPPING events from decorations provider vscode.git 472
[2022-03-24 01:00:02.456] [exthost] [warning] [Decorations] CAPPING events from decorations provider vscode.git 472
[2022-03-24 01:00:07.546] [exthost] [warning] [Decorations] CAPPING events from decorations provider vscode.git 472
[2022-03-24 01:00:12.646] [exthost] [warning] [Decorations] CAPPING events from decorations provider vscode.git 472
[2022-03-24 01:00:17.749] [exthost] [warning] [Decorations] CAPPING events from decorations provider vscode.git 472
[2022-03-24 01:00:22.844] [exthost] [warning] [Decorations] CAPPING events from decorations provider vscode.git 472
[2022-03-24 01:00:27.934] [exthost] [warning] [Decorations] CAPPING events from decorations provider vscode.git 472
[2022-03-24 01:00:33.047] [exthost] [warning] [Decorations] CAPPING events from decorations provider vscode.git 472
[2022-03-24 01:00:38.147] [exthost] [warning] [Decorations] CAPPING events from decorations provider vscode.git 472
[2022-03-24 01:00:43.261] [exthost] [warning] [Decorations] CAPPING events from decorations provider vscode.git 472
[2022-03-24 01:00:48.352] [exthost] [warning] [Decorations] CAPPING events from decorations provider vscode.git 472
[2022-03-24 01:00:53.448] [exthost] [warning] [Decorations] CAPPING events from decorations provider vscode.git 472
[2022-03-24 01:00:58.536] [exthost] [warning] [Decorations] CAPPING events from decorations provider vscode.git 472
[2022-03-24 01:01:03.618] [exthost] [warning] [Decorations] CAPPING events from decorations provider vscode.git 472
[2022-03-24 01:01:08.707] [exthost] [warning] [Decorations] CAPPING events from decorations provider vscode.git 472
[2022-03-24 01:01:13.802] [exthost] [warning] [Decorations] CAPPING events from decorations provider vscode.git 472
[2022-03-24 01:01:18.896] [exthost] [warning] [Decorations] CAPPING events from decorations provider vscode.git 472
[2022-03-24 01:01:23.984] [exthost] [warning] [Decorations] CAPPING events from decorations provider vscode.git 472
[2022-03-24 01:01:29.070] [exthost] [warning] [Decorations] CAPPING events from decorations provider vscode.git 472
[2022-03-24 01:01:34.157] [exthost] [warning] [Decorations] CAPPING events from decorations provider vscode.git 472
[2022-03-24 01:01:39.244] [exthost] [warning] [Decorations] CAPPING events from decorations provider vscode.git 472
[2022-03-24 01:01:44.333] [exthost] [warning] [Decorations] CAPPING events from decorations provider vscode.git 472
[2022-03-24 01:01:49.422] [exthost] [warning] [Decorations] CAPPING events from decorations provider vscode.git 472
[2022-03-24 01:01:54.513] [exthost] [warning] [Decorations] CAPPING events from decorations provider vscode.git 472
[2022-03-24 01:01:59.607] [exthost] [warning] [Decorations] CAPPING events from decorations provider vscode.git 472
[2022-03-24 01:02:04.692] [exthost] [warning] [Decorations] CAPPING events from decorations provider vscode.git 472
[2022-03-24 01:02:09.781] [exthost] [warning] [Decorations] CAPPING events from decorations provider vscode.git 472
[2022-03-24 01:02:14.869] [exthost] [warning] [Decorations] CAPPING events from decorations provider vscode.git 472
[2022-03-24 01:02:19.978] [exthost] [warning] [Decorations] CAPPING events from decorations provider vscode.git 472
[2022-03-24 01:02:25.158] [exthost] [warning] [Decorations] CAPPING events from decorations provider vscode.git 472
[2022-03-24 01:02:30.248] [exthost] [warning] [Decorations] CAPPING events from decorations provider vscode.git 472
[2022-03-24 01:02:35.351] [exthost] [warning] [Decorations] CAPPING events from decorations provider vscode.git 472
[2022-03-24 01:02:40.456] [exthost] [warning] [Decorations] CAPPING events from decorations provider vscode.git 472
[2022-03-24 01:02:45.550] [exthost] [warning] [Decorations] CAPPING events from decorations provider vscode.git 472
[2022-03-24 01:02:50.637] [exthost] [warning] [Decorations] CAPPING events from decorations provider vscode.git 472
[2022-03-24 01:02:55.730] [exthost] [warning] [Decorations] CAPPING events from decorations provider vscode.git 472
[2022-03-24 01:03:00.818] [exthost] [warning] [Decorations] CAPPING events from decorations provider vscode.git 472
[2022-03-24 01:03:05.912] [exthost] [warning] [Decorations] CAPPING events from decorations provider vscode.git 472
[2022-03-24 01:03:10.998] [exthost] [warning] [Decorations] CAPPING events from decorations provider vscode.git 472
[2022-03-24 01:03:16.081] [exthost] [warning] [Decorations] CAPPING events from decorations provider vscode.git 472
[2022-03-24 01:03:21.190] [exthost] [warning] [Decorations] CAPPING events from decorations provider vscode.git 472
[2022-03-24 01:03:26.280] [exthost] [warning] [Decorations] CAPPING events from decorations provider vscode.git 472
[2022-03-24 01:03:31.367] [exthost] [warning] [Decorations] CAPPING events from decorations provider vscode.git 472
[2022-03-24 01:03:36.453] [exthost] [warning] [Decorations] CAPPING events from decorations provider vscode.git 472
[2022-03-24 01:03:41.548] [exthost] [warning] [Decorations] CAPPING events from decorations provider vscode.git 472
[2022-03-24 01:03:46.635] [exthost] [warning] [Decorations] CAPPING events from decorations provider vscode.git 472
[2022-03-24 01:03:51.720] [exthost] [warning] [Decorations] CAPPING events from decorations provider vscode.git 472
[2022-03-24 01:03:56.814] [exthost] [warning] [Decorations] CAPPING events from decorations provider vscode.git 472
[2022-03-24 01:04:01.924] [exthost] [warning] [Decorations] CAPPING events from decorations provider vscode.git 472
[2022-03-24 01:04:07.017] [exthost] [warning] [Decorations] CAPPING events from decorations provider vscode.git 472
[2022-03-24 01:04:12.144] [exthost] [warning] [Decorations] CAPPING events from decorations provider vscode.git 472
[2022-03-24 01:04:17.229] [exthost] [warning] [Decorations] CAPPING events from decorations provider vscode.git 472
[2022-03-24 01:04:22.319] [exthost] [warning] [Decorations] CAPPING events from decorations provider vscode.git 472
[2022-03-24 01:04:27.402] [exthost] [warning] [Decorations] CAPPING events from decorations provider vscode.git 472
[2022-03-24 01:04:32.491] [exthost] [warning] [Decorations] CAPPING events from decorations provider vscode.git 472
[2022-03-24 01:04:37.581] [exthost] [warning] [Decorations] CAPPING events from decorations provider vscode.git 472
[2022-03-24 01:04:42.684] [exthost] [warning] [Decorations] CAPPING events from decorations provider vscode.git 472
[2022-03-24 01:04:47.776] [exthost] [warning] [Decorations] CAPPING events from decorations provider vscode.git 472
[2022-03-24 01:04:52.862] [exthost] [warning] [Decorations] CAPPING events from decorations provider vscode.git 472
[2022-03-24 01:04:57.954] [exthost] [warning] [Decorations] CAPPING events from decorations provider vscode.git 472
[2022-03-24 01:05:03.046] [exthost] [warning] [Decorations] CAPPING events from decorations provider vscode.git 472
[2022-03-24 01:05:08.130] [exthost] [warning] [Decorations] CAPPING events from decorations provider vscode.git 472
[2022-03-24 01:05:13.215] [exthost] [warning] [Decorations] CAPPING events from decorations provider vscode.git 472
[2022-03-24 01:05:18.304] [exthost] [warning] [Decorations] CAPPING events from decorations provider vscode.git 472
[2022-03-24 01:05:23.428] [exthost] [warning] [Decorations] CAPPING events from decorations provider vscode.git 472
[2022-03-24 01:05:28.528] [exthost] [warning] [Decorations] CAPPING events from decorations provider vscode.git 472
[2022-03-24 01:05:33.618] [exthost] [warning] [Decorations] CAPPING events from decorations provider vscode.git 472
[2022-03-24 01:05:38.712] [exthost] [warning] [Decorations] CAPPING events from decorations provider vscode.git 472
[2022-03-24 01:05:43.838] [exthost] [warning] [Decorations] CAPPING events from decorations provider vscode.git 472
[2022-03-24 01:05:48.930] [exthost] [warning] [Decorations] CAPPING events from decorations provider vscode.git 472
[2022-03-24 01:05:54.017] [exthost] [warning] [Decorations] CAPPING events from decorations provider vscode.git 472
[2022-03-24 01:05:59.102] [exthost] [warning] [Decorations] CAPPING events from decorations provider vscode.git 472
[2022-03-24 01:06:04.214] [exthost] [warning] [Decorations] CAPPING events from decorations provider vscode.git 472
[2022-03-24 01:06:09.313] [exthost] [warning] [Decorations] CAPPING events from decorations provider vscode.git 472
[2022-03-24 01:06:14.405] [exthost] [warning] [Decorations] CAPPING events from decorations provider vscode.git 472
[2022-03-24 01:06:19.496] [exthost] [warning] [Decorations] CAPPING events from decorations provider vscode.git 472
[2022-03-24 01:06:24.587] [exthost] [warning] [Decorations] CAPPING events from decorations provider vscode.git 472
[2022-03-24 01:06:29.673] [exthost] [warning] [Decorations] CAPPING events from decorations provider vscode.git 472
[2022-03-24 01:06:34.754] [exthost] [warning] [Decorations] CAPPING events from decorations provider vscode.git 472
[2022-03-24 01:06:39.843] [exthost] [warning] [Decorations] CAPPING events from decorations provider vscode.git 472
[2022-03-24 01:06:44.926] [exthost] [warning] [Decorations] CAPPING events from decorations provider vscode.git 472
[2022-03-24 01:06:50.006] [exthost] [warning] [Decorations] CAPPING events from decorations provider vscode.git 472
[2022-03-24 01:06:55.092] [exthost] [warning] [Decorations] CAPPING events from decorations provider vscode.git 472
[2022-03-24 01:07:00.182] [exthost] [warning] [Decorations] CAPPING events from decorations provider vscode.git 472
[2022-03-24 01:07:05.290] [exthost] [warning] [Decorations] CAPPING events from decorations provider vscode.git 472
[2022-03-24 01:07:10.384] [exthost] [warning] [Decorations] CAPPING events from decorations provider vscode.git 472
[2022-03-24 01:07:15.483] [exthost] [warning] [Decorations] CAPPING events from decorations provider vscode.git 472
[2022-03-24 01:07:20.564] [exthost] [warning] [Decorations] CAPPING events from decorations provider vscode.git 472
[2022-03-24 01:07:25.652] [exthost] [warning] [Decorations] CAPPING events from decorations provider vscode.git 472
[2022-03-24 01:07:30.737] [exthost] [warning] [Decorations] CAPPING events from decorations provider vscode.git 472
[2022-03-24 01:07:35.824] [exthost] [warning] [Decorations] CAPPING events from decorations provider vscode.git 472
[2022-03-24 01:07:40.912] [exthost] [warning] [Decorations] CAPPING events from decorations provider vscode.git 472
[2022-03-24 01:07:46.020] [exthost] [warning] [Decorations] CAPPING events from decorations provider vscode.git 472
[2022-03-24 01:07:51.119] [exthost] [warning] [Decorations] CAPPING events from decorations provider vscode.git 472
[2022-03-24 01:07:56.210] [exthost] [warning] [Decorations] CAPPING events from decorations provider vscode.git 472
[2022-03-24 01:08:01.292] [exthost] [warning] [Decorations] CAPPING events from decorations provider vscode.git 472
[2022-03-24 01:08:06.380] [exthost] [warning] [Decorations] CAPPING events from decorations provider vscode.git 472
[2022-03-24 01:08:11.464] [exthost] [warning] [Decorations] CAPPING events from decorations provider vscode.git 472
[2022-03-24 01:08:16.552] [exthost] [warning] [Decorations] CAPPING events from decorations provider vscode.git 472
[2022-03-24 01:08:21.644] [exthost] [warning] [Decorations] CAPPING events from decorations provider vscode.git 472
[2022-03-24 01:08:26.728] [exthost] [warning] [Decorations] CAPPING events from decorations provider vscode.git 472
[2022-03-24 01:08:31.810] [exthost] [warning] [Decorations] CAPPING events from decorations provider vscode.git 472
[2022-03-24 01:08:36.895] [exthost] [warning] [Decorations] CAPPING events from decorations provider vscode.git 472
[2022-03-24 01:08:41.981] [exthost] [warning] [Decorations] CAPPING events from decorations provider vscode.git 472
[2022-03-24 01:08:47.087] [exthost] [warning] [Decorations] CAPPING events from decorations provider vscode.git 472
[2022-03-24 01:08:52.177] [exthost] [warning] [Decorations] CAPPING events from decorations provider vscode.git 472
[2022-03-24 01:08:57.259] [exthost] [warning] [Decorations] CAPPING events from decorations provider vscode.git 472
[2022-03-24 01:09:02.349] [exthost] [warning] [Decorations] CAPPING events from decorations provider vscode.git 472
[2022-03-24 01:09:07.458] [exthost] [warning] [Decorations] CAPPING events from decorations provider vscode.git 472
[2022-03-24 01:09:12.556] [exthost] [warning] [Decorations] CAPPING events from decorations provider vscode.git 472
[2022-03-24 01:09:17.648] [exthost] [warning] [Decorations] CAPPING events from decorations provider vscode.git 472
[2022-03-24 01:09:22.745] [exthost] [warning] [Decorations] CAPPING events from decorations provider vscode.git 472
[2022-03-24 01:09:27.852] [exthost] [warning] [Decorations] CAPPING events from decorations provider vscode.git 472
[2022-03-24 01:09:32.938] [exthost] [warning] [Decorations] CAPPING events from decorations provider vscode.git 472
[2022-03-24 01:09:38.023] [exthost] [warning] [Decorations] CAPPING events from decorations provider vscode.git 472
[2022-03-24 01:09:43.176] [exthost] [warning] [Decorations] CAPPING events from decorations provider vscode.git 472
[2022-03-24 01:09:48.314] [exthost] [warning] [Decorations] CAPPING events from decorations provider vscode.git 472
[2022-03-24 01:09:53.400] [exthost] [warning] [Decorations] CAPPING events from decorations provider vscode.git 472
[2022-03-24 01:09:58.485] [exthost] [warning] [Decorations] CAPPING events from decorations provider vscode.git 472
[2022-03-24 01:10:03.581] [exthost] [warning] [Decorations] CAPPING events from decorations provider vscode.git 472
[2022-03-24 01:10:08.688] [exthost] [warning] [Decorations] CAPPING events from decorations provider vscode.git 472
[2022-03-24 01:10:13.784] [exthost] [warning] [Decorations] CAPPING events from decorations provider vscode.git 472
[2022-03-24 01:10:18.868] [exthost] [warning] [Decorations] CAPPING events from decorations provider vscode.git 472
[2022-03-24 01:10:23.957] [exthost] [warning] [Decorations] CAPPING events from decorations provider vscode.git 472
[2022-03-24 01:10:29.044] [exthost] [warning] [Decorations] CAPPING events from decorations provider vscode.git 472
[2022-03-24 01:10:34.130] [exthost] [warning] [Decorations] CAPPING events from decorations provider vscode.git 472
[2022-03-24 01:10:39.223] [exthost] [warning] [Decorations] CAPPING events from decorations provider vscode.git 472
[2022-03-24 01:10:44.308] [exthost] [warning] [Decorations] CAPPING events from decorations provider vscode.git 472
[2022-03-24 01:10:49.407] [exthost] [warning] [Decorations] CAPPING events from decorations provider vscode.git 472
[2022-03-24 01:10:54.503] [exthost] [warning] [Decorations] CAPPING events from decorations provider vscode.git 472
[2022-03-24 01:10:59.627] [exthost] [warning] [Decorations] CAPPING events from decorations provider vscode.git 472
[2022-03-24 01:11:04.720] [exthost] [warning] [Decorations] CAPPING events from decorations provider vscode.git 472
[2022-03-24 01:11:09.807] [exthost] [warning] [Decorations] CAPPING events from decorations provider vscode.git 472
[2022-03-24 01:11:14.895] [exthost] [warning] [Decorations] CAPPING events from decorations provider vscode.git 472
[2022-03-24 01:11:19.982] [exthost] [warning] [Decorations] CAPPING events from decorations provider vscode.git 472
[2022-03-24 01:11:25.074] [exthost] [warning] [Decorations] CAPPING events from decorations provider vscode.git 472
[2022-03-24 01:11:30.162] [exthost] [warning] [Decorations] CAPPING events from decorations provider vscode.git 472
[2022-03-24 01:11:35.246] [exthost] [warning] [Decorations] CAPPING events from decorations provider vscode.git 472
[2022-03-24 01:11:40.340] [exthost] [warning] [Decorations] CAPPING events from decorations provider vscode.git 472
[2022-03-24 01:11:45.427] [exthost] [warning] [Decorations] CAPPING events from decorations provider vscode.git 472
[2022-03-24 01:11:50.525] [exthost] [warning] [Decorations] CAPPING events from decorations provider vscode.git 472
[2022-03-24 01:11:55.624] [exthost] [warning] [Decorations] CAPPING events from decorations provider vscode.git 472
[2022-03-24 01:12:00.709] [exthost] [warning] [Decorations] CAPPING events from decorations provider vscode.git 472
[2022-03-24 01:12:05.791] [exthost] [warning] [Decorations] CAPPING events from decorations provider vscode.git 472
[2022-03-24 01:12:10.876] [exthost] [warning] [Decorations] CAPPING events from decorations provider vscode.git 472
[2022-03-24 01:12:15.957] [exthost] [warning] [Decorations] CAPPING events from decorations provider vscode.git 472
[2022-03-24 01:12:21.044] [exthost] [warning] [Decorations] CAPPING events from decorations provider vscode.git 472
[2022-03-24 01:12:26.132] [exthost] [warning] [Decorations] CAPPING events from decorations provider vscode.git 472
[2022-03-24 01:12:31.229] [exthost] [warning] [Decorations] CAPPING events from decorations provider vscode.git 472
[2022-03-24 01:12:36.314] [exthost] [warning] [Decorations] CAPPING events from decorations provider vscode.git 472
[2022-03-24 01:12:41.399] [exthost] [warning] [Decorations] CAPPING events from decorations provider vscode.git 472
[2022-03-24 01:12:46.489] [exthost] [warning] [Decorations] CAPPING events from decorations provider vscode.git 472
[2022-03-24 01:12:51.591] [exthost] [warning] [Decorations] CAPPING events from decorations provider vscode.git 472
[2022-03-24 01:12:56.687] [exthost] [warning] [Decorations] CAPPING events from decorations provider vscode.git 472
[2022-03-24 01:13:01.775] [exthost] [warning] [Decorations] CAPPING events from decorations provider vscode.git 472
[2022-03-24 01:13:06.859] [exthost] [warning] [Decorations] CAPPING events from decorations provider vscode.git 472
[2022-03-24 01:13:11.944] [exthost] [warning] [Decorations] CAPPING events from decorations provider vscode.git 472
[2022-03-24 01:13:17.035] [exthost] [warning] [Decorations] CAPPING events from decorations provider vscode.git 472
[2022-03-24 01:13:22.125] [exthost] [warning] [Decorations] CAPPING events from decorations provider vscode.git 472
[2022-03-24 01:13:27.218] [exthost] [warning] [Decorations] CAPPING events from decorations provider vscode.git 472
[2022-03-24 01:13:32.323] [exthost] [warning] [Decorations] CAPPING events from decorations provider vscode.git 472
[2022-03-24 01:13:37.436] [exthost] [warning] [Decorations] CAPPING events from decorations provider vscode.git 472
[2022-03-24 01:13:42.525] [exthost] [warning] [Decorations] CAPPING events from decorations provider vscode.git 472
[2022-03-24 01:13:47.610] [exthost] [warning] [Decorations] CAPPING events from decorations provider vscode.git 472
[2022-03-24 01:13:52.721] [exthost] [warning] [Decorations] CAPPING events from decorations provider vscode.git 472
[2022-03-24 01:13:57.834] [exthost] [warning] [Decorations] CAPPING events from decorations provider vscode.git 472
[2022-03-24 01:14:02.924] [exthost] [warning] [Decorations] CAPPING events from decorations provider vscode.git 472
[2022-03-24 01:14:08.008] [exthost] [warning] [Decorations] CAPPING events from decorations provider vscode.git 472
[2022-03-24 01:14:13.110] [exthost] [warning] [Decorations] CAPPING events from decorations provider vscode.git 472
[2022-03-24 01:14:18.207] [exthost] [warning] [Decorations] CAPPING events from decorations provider vscode.git 472
[2022-03-24 01:14:23.290] [exthost] [warning] [Decorations] CAPPING events from decorations provider vscode.git 472
[2022-03-24 01:14:28.374] [exthost] [warning] [Decorations] CAPPING events from decorations provider vscode.git 472
[2022-03-24 01:14:33.464] [exthost] [warning] [Decorations] CAPPING events from decorations provider vscode.git 472
[2022-03-24 01:14:38.548] [exthost] [warning] [Decorations] CAPPING events from decorations provider vscode.git 472
[2022-03-24 01:14:43.637] [exthost] [warning] [Decorations] CAPPING events from decorations provider vscode.git 472
[2022-03-24 01:14:48.733] [exthost] [warning] [Decorations] CAPPING events from decorations provider vscode.git 472
[2022-03-24 01:14:53.826] [exthost] [warning] [Decorations] CAPPING events from decorations provider vscode.git 472
[2022-03-24 01:14:58.908] [exthost] [warning] [Decorations] CAPPING events from decorations provider vscode.git 472
[2022-03-24 01:15:03.999] [exthost] [warning] [Decorations] CAPPING events from decorations provider vscode.git 472
[2022-03-24 01:15:09.092] [exthost] [warning] [Decorations] CAPPING events from decorations provider vscode.git 472
[2022-03-24 01:15:14.195] [exthost] [warning] [Decorations] CAPPING events from decorations provider vscode.git 472
[2022-03-24 01:15:19.285] [exthost] [warning] [Decorations] CAPPING events from decorations provider vscode.git 472
[2022-03-24 01:15:24.373] [exthost] [warning] [Decorations] CAPPING events from decorations provider vscode.git 472
[2022-03-24 01:15:29.461] [exthost] [warning] [Decorations] CAPPING events from decorations provider vscode.git 472
[2022-03-24 01:15:34.567] [exthost] [warning] [Decorations] CAPPING events from decorations provider vscode.git 472
[2022-03-24 01:15:39.731] [exthost] [warning] [Decorations] CAPPING events from decorations provider vscode.git 472
[2022-03-24 01:15:44.814] [exthost] [warning] [Decorations] CAPPING events from decorations provider vscode.git 472
[2022-03-24 01:15:49.900] [exthost] [warning] [Decorations] CAPPING events from decorations provider vscode.git 472
[2022-03-24 01:15:55.000] [exthost] [warning] [Decorations] CAPPING events from decorations provider vscode.git 472
[2022-03-24 01:16:00.084] [exthost] [warning] [Decorations] CAPPING events from decorations provider vscode.git 472
[2022-03-24 01:16:05.169] [exthost] [warning] [Decorations] CAPPING events from decorations provider vscode.git 472
[2022-03-24 01:16:10.261] [exthost] [warning] [Decorations] CAPPING events from decorations provider vscode.git 472
[2022-03-24 01:16:15.347] [exthost] [warning] [Decorations] CAPPING events from decorations provider vscode.git 472
[2022-03-24 01:16:20.435] [exthost] [warning] [Decorations] CAPPING events from decorations provider vscode.git 472
[2022-03-24 01:16:25.526] [exthost] [warning] [Decorations] CAPPING events from decorations provider vscode.git 472
[2022-03-24 01:16:30.614] [exthost] [warning] [Decorations] CAPPING events from decorations provider vscode.git 472
[2022-03-24 01:16:35.724] [exthost] [warning] [Decorations] CAPPING events from decorations provider vscode.git 472
[2022-03-24 01:16:40.817] [exthost] [warning] [Decorations] CAPPING events from decorations provider vscode.git 472
[2022-03-24 01:16:45.901] [exthost] [warning] [Decorations] CAPPING events from decorations provider vscode.git 472
[2022-03-24 01:16:50.988] [exthost] [warning] [Decorations] CAPPING events from decorations provider vscode.git 472
[2022-03-24 01:16:56.076] [exthost] [warning] [Decorations] CAPPING events from decorations provider vscode.git 472
[2022-03-24 01:17:01.162] [exthost] [warning] [Decorations] CAPPING events from decorations provider vscode.git 472
[2022-03-24 01:17:06.252] [exthost] [warning] [Decorations] CAPPING events from decorations provider vscode.git 472
[2022-03-24 01:17:11.344] [exthost] [warning] [Decorations] CAPPING events from decorations provider vscode.git 472
[2022-03-24 01:17:16.468] [exthost] [warning] [Decorations] CAPPING events from decorations provider vscode.git 472
[2022-03-24 01:17:21.559] [exthost] [warning] [Decorations] CAPPING events from decorations provider vscode.git 472
[2022-03-24 01:17:26.648] [exthost] [warning] [Decorations] CAPPING events from decorations provider vscode.git 472
[2022-03-24 01:17:31.736] [exthost] [warning] [Decorations] CAPPING events from decorations provider vscode.git 472
[2022-03-24 01:17:36.854] [exthost] [warning] [Decorations] CAPPING events from decorations provider vscode.git 472
[2022-03-24 01:17:41.941] [exthost] [warning] [Decorations] CAPPING events from decorations provider vscode.git 472
[2022-03-24 01:17:47.029] [exthost] [warning] [Decorations] CAPPING events from decorations provider vscode.git 472
[2022-03-24 01:17:52.121] [exthost] [warning] [Decorations] CAPPING events from decorations provider vscode.git 472
[2022-03-24 01:17:57.212] [exthost] [warning] [Decorations] CAPPING events from decorations provider vscode.git 472
[2022-03-24 01:18:02.296] [exthost] [warning] [Decorations] CAPPING events from decorations provider vscode.git 472
[2022-03-24 01:18:07.382] [exthost] [warning] [Decorations] CAPPING events from decorations provider vscode.git 472
[2022-03-24 01:18:12.472] [exthost] [warning] [Decorations] CAPPING events from decorations provider vscode.git 472
[2022-03-24 01:18:17.559] [exthost] [warning] [Decorations] CAPPING events from decorations provider vscode.git 472
[2022-03-24 01:18:22.657] [exthost] [warning] [Decorations] CAPPING events from decorations provider vscode.git 472
[2022-03-24 01:18:27.749] [exthost] [warning] [Decorations] CAPPING events from decorations provider vscode.git 472
[2022-03-24 01:18:32.835] [exthost] [warning] [Decorations] CAPPING events from decorations provider vscode.git 472
[2022-03-24 01:18:37.925] [exthost] [warning] [Decorations] CAPPING events from decorations provider vscode.git 472
[2022-03-24 01:18:43.017] [exthost] [warning] [Decorations] CAPPING events from decorations provider vscode.git 472
[2022-03-24 01:18:48.100] [exthost] [warning] [Decorations] CAPPING events from decorations provider vscode.git 472
[2022-03-24 01:18:53.192] [exthost] [warning] [Decorations] CAPPING events from decorations provider vscode.git 472
[2022-03-24 01:18:58.283] [exthost] [warning] [Decorations] CAPPING events from decorations provider vscode.git 472
[2022-03-24 01:19:03.386] [exthost] [warning] [Decorations] CAPPING events from decorations provider vscode.git 472
[2022-03-24 01:19:08.480] [exthost] [warning] [Decorations] CAPPING events from decorations provider vscode.git 472
[2022-03-24 01:19:13.563] [exthost] [warning] [Decorations] CAPPING events from decorations provider vscode.git 472
[2022-03-24 01:19:18.648] [exthost] [warning] [Decorations] CAPPING events from decorations provider vscode.git 472
[2022-03-24 01:19:23.743] [exthost] [warning] [Decorations] CAPPING events from decorations provider vscode.git 472
[2022-03-24 01:19:28.831] [exthost] [warning] [Decorations] CAPPING events from decorations provider vscode.git 472
[2022-03-24 01:19:33.919] [exthost] [warning] [Decorations] CAPPING events from decorations provider vscode.git 472
[2022-03-24 01:19:39.008] [exthost] [warning] [Decorations] CAPPING events from decorations provider vscode.git 472
[2022-03-24 01:19:44.106] [exthost] [warning] [Decorations] CAPPING events from decorations provider vscode.git 472
[2022-03-24 01:19:49.229] [exthost] [warning] [Decorations] CAPPING events from decorations provider vscode.git 472
[2022-03-24 01:19:54.321] [exthost] [warning] [Decorations] CAPPING events from decorations provider vscode.git 472
[2022-03-24 01:19:59.423] [exthost] [warning] [Decorations] CAPPING events from decorations provider vscode.git 472
[2022-03-24 01:20:04.516] [exthost] [warning] [Decorations] CAPPING events from decorations provider vscode.git 472
[2022-03-24 01:20:09.641] [exthost] [warning] [Decorations] CAPPING events from decorations provider vscode.git 472
[2022-03-24 01:20:14.730] [exthost] [warning] [Decorations] CAPPING events from decorations provider vscode.git 472
[2022-03-24 01:20:19.819] [exthost] [warning] [Decorations] CAPPING events from decorations provider vscode.git 472
[2022-03-24 01:20:24.918] [exthost] [warning] [Decorations] CAPPING events from decorations provider vscode.git 472
[2022-03-24 01:20:30.002] [exthost] [warning] [Decorations] CAPPING events from decorations provider vscode.git 472
[2022-03-24 01:20:35.087] [exthost] [warning] [Decorations] CAPPING events from decorations provider vscode.git 472
[2022-03-24 01:20:40.181] [exthost] [warning] [Decorations] CAPPING events from decorations provider vscode.git 472
[2022-03-24 01:20:45.280] [exthost] [warning] [Decorations] CAPPING events from decorations provider vscode.git 472
[2022-03-24 01:20:50.376] [exthost] [warning] [Decorations] CAPPING events from decorations provider vscode.git 472
[2022-03-24 01:20:55.466] [exthost] [warning] [Decorations] CAPPING events from decorations provider vscode.git 472
[2022-03-24 01:21:00.570] [exthost] [warning] [Decorations] CAPPING events from decorations provider vscode.git 472
[2022-03-24 01:21:05.678] [exthost] [warning] [Decorations] CAPPING events from decorations provider vscode.git 472
[2022-03-24 01:21:10.766] [exthost] [warning] [Decorations] CAPPING events from decorations provider vscode.git 472
[2022-03-24 01:21:15.852] [exthost] [warning] [Decorations] CAPPING events from decorations provider vscode.git 472
[2022-03-24 01:21:20.945] [exthost] [warning] [Decorations] CAPPING events from decorations provider vscode.git 472
[2022-03-24 01:21:26.042] [exthost] [warning] [Decorations] CAPPING events from decorations provider vscode.git 472
[2022-03-24 01:21:31.147] [exthost] [warning] [Decorations] CAPPING events from decorations provider vscode.git 472
[2022-03-24 01:21:36.234] [exthost] [warning] [Decorations] CAPPING events from decorations provider vscode.git 472
[2022-03-24 01:21:41.323] [exthost] [warning] [Decorations] CAPPING events from decorations provider vscode.git 472
[2022-03-24 01:21:46.410] [exthost] [warning] [Decorations] CAPPING events from decorations provider vscode.git 472
[2022-03-24 01:21:51.490] [exthost] [warning] [Decorations] CAPPING events from decorations provider vscode.git 472
[2022-03-24 01:21:56.575] [exthost] [warning] [Decorations] CAPPING events from decorations provider vscode.git 472
[2022-03-24 01:22:01.663] [exthost] [warning] [Decorations] CAPPING events from decorations provider vscode.git 472
[2022-03-24 01:22:06.768] [exthost] [warning] [Decorations] CAPPING events from decorations provider vscode.git 472
[2022-03-24 01:22:11.865] [exthost] [warning] [Decorations] CAPPING events from decorations provider vscode.git 472
[2022-03-24 01:22:16.957] [exthost] [warning] [Decorations] CAPPING events from decorations provider vscode.git 472
[2022-03-24 01:22:22.048] [exthost] [warning] [Decorations] CAPPING events from decorations provider vscode.git 472
[2022-03-24 01:22:27.134] [exthost] [warning] [Decorations] CAPPING events from decorations provider vscode.git 472
[2022-03-24 01:22:32.219] [exthost] [warning] [Decorations] CAPPING events from decorations provider vscode.git 472
[2022-03-24 01:22:37.305] [exthost] [warning] [Decorations] CAPPING events from decorations provider vscode.git 472
[2022-03-24 01:24:27.728] [exthost] [warning] [Decorations] CAPPING events from decorations provider vscode.git 472
[2022-03-24 01:24:31.173] [exthost] [info] ExtensionService#_doActivateExtension vscode.github-authentication, startup: false, activationEvent: 'onAuthenticationRequest:github'
[2022-03-24 01:25:56.027] [exthost] [warning] [Decorations] CAPPING events from decorations provider vscode.git 474
[2022-03-24 01:26:01.141] [exthost] [warning] [Decorations] CAPPING events from decorations provider vscode.git 474
[2022-03-24 01:26:06.313] [exthost] [warning] [Decorations] CAPPING events from decorations provider vscode.git 474
[2022-03-24 01:26:11.458] [exthost] [warning] [Decorations] CAPPING events from decorations provider vscode.git 481
[2022-03-24 01:26:16.562] [exthost] [warning] [Decorations] CAPPING events from decorations provider vscode.git 481
[2022-03-24 01:26:21.678] [exthost] [warning] [Decorations] CAPPING events from decorations provider vscode.git 481
[2022-03-24 01:27:41.555] [exthost] [warning] [Decorations] CAPPING events from decorations provider vscode.git 490
[2022-03-24 01:27:46.722] [exthost] [warning] [Decorations] CAPPING events from decorations provider vscode.git 490
[2022-03-24 01:27:51.837] [exthost] [warning] [Decorations] CAPPING events from decorations provider vscode.git 490
[2022-03-24 01:27:56.954] [exthost] [warning] [Decorations] CAPPING events from decorations provider vscode.git 490
[2022-03-24 01:31:54.409] [exthost] [warning] [Decorations] CAPPING events from decorations provider vscode.git 490
[2022-03-24 01:31:59.527] [exthost] [warning] [Decorations] CAPPING events from decorations provider vscode.git 490
[2022-03-24 01:32:07.123] [exthost] [warning] [Decorations] CAPPING events from decorations provider vscode.git 490
[2022-03-24 01:32:12.246] [exthost] [warning] [Decorations] CAPPING events from decorations provider vscode.git 490
[2022-03-24 01:32:17.335] [exthost] [warning] [Decorations] CAPPING events from decorations provider vscode.git 490
[2022-03-24 01:32:22.414] [exthost] [warning] [Decorations] CAPPING events from decorations provider vscode.git 490
[2022-03-24 01:32:53.779] [exthost] [warning] [Decorations] CAPPING events from decorations provider vscode.git 490
[2022-03-24 01:32:58.891] [exthost] [warning] [Decorations] CAPPING events from decorations provider vscode.git 490
[2022-03-24 01:33:03.967] [exthost] [warning] [Decorations] CAPPING events from decorations provider vscode.git 505
[2022-03-24 01:33:09.037] [exthost] [warning] [Decorations] CAPPING events from decorations provider vscode.git 505
[2022-03-24 01:33:14.113] [exthost] [warning] [Decorations] CAPPING events from decorations provider vscode.git 517
[2022-03-24 01:33:19.212] [exthost] [warning] [Decorations] CAPPING events from decorations provider vscode.git 520
[2022-03-24 01:33:23.447] [exthost] [info] ExtensionService#_doActivateExtension GitHub.vscode-pull-request-github, startup: false, activationEvent: '*'
[2022-03-24 01:33:24.367] [exthost] [warning] [Decorations] CAPPING events from decorations provider vscode.git 534
[2022-03-24 01:33:29.485] [exthost] [warning] [Decorations] CAPPING events from decorations provider vscode.git 533
[2022-03-24 01:33:34.573] [exthost] [warning] [Decorations] CAPPING events from decorations provider vscode.git 533
[2022-03-24 01:33:39.719] [exthost] [warning] [Decorations] CAPPING events from decorations provider vscode.git 534
[2022-03-24 01:33:44.821] [exthost] [warning] [Decorations] CAPPING events from decorations provider vscode.git 534
[2022-03-24 01:33:49.925] [exthost] [warning] [Decorations] CAPPING events from decorations provider vscode.git 534
[2022-03-24 01:34:01.208] [exthost] [warning] [Decorations] CAPPING events from decorations provider vscode.git 534
[2022-03-24 01:34:06.318] [exthost] [warning] [Decorations] CAPPING events from decorations provider vscode.git 534
[2022-03-24 01:34:11.441] [exthost] [warning] [Decorations] CAPPING events from decorations provider vscode.git 534
[2022-03-24 01:34:16.533] [exthost] [warning] [Decorations] CAPPING events from decorations provider vscode.git 534
[2022-03-24 01:34:21.631] [exthost] [warning] [Decorations] CAPPING events from decorations provider vscode.git 534
[2022-03-24 01:34:26.739] [exthost] [warning] [Decorations] CAPPING events from decorations provider vscode.git 534
[2022-03-24 01:34:31.839] [exthost] [warning] [Decorations] CAPPING events from decorations provider vscode.git 534
[2022-03-24 01:34:36.937] [exthost] [warning] [Decorations] CAPPING events from decorations provider vscode.git 534
[2022-03-24 01:34:42.037] [exthost] [warning] [Decorations] CAPPING events from decorations provider vscode.git 534
[2022-03-24 01:34:47.122] [exthost] [warning] [Decorations] CAPPING events from decorations provider vscode.git 534
[2022-03-24 01:36:36.362] [exthost] [warning] [Decorations] CAPPING events from decorations provider vscode.git 534
[2022-03-24 01:40:56.035] [exthost] [warning] [Decorations] CAPPING events from decorations provider vscode.git 538
[2022-03-24 01:41:01.119] [exthost] [warning] [Decorations] CAPPING events from decorations provider vscode.git 538
[2022-03-24 01:41:35.032] [exthost] [warning] [Decorations] CAPPING events from decorations provider vscode.git 538
[2022-03-24 01:41:40.134] [exthost] [warning] [Decorations] CAPPING events from decorations provider vscode.git 538
[2022-03-24 01:41:45.232] [exthost] [warning] [Decorations] CAPPING events from decorations provider vscode.git 538
[2022-03-24 01:41:50.320] [exthost] [warning] [Decorations] CAPPING events from decorations provider vscode.git 538
[2022-03-24 01:41:55.426] [exthost] [warning] [Decorations] CAPPING events from decorations provider vscode.git 538
[2022-03-24 01:42:00.534] [exthost] [warning] [Decorations] CAPPING events from decorations provider vscode.git 538
[2022-03-24 01:42:05.625] [exthost] [warning] [Decorations] CAPPING events from decorations provider vscode.git 538
[2022-03-24 01:42:10.738] [exthost] [warning] [Decorations] CAPPING events from decorations provider vscode.git 549
[2022-03-24 01:42:15.862] [exthost] [warning] [Decorations] CAPPING events from decorations provider vscode.git 549
[2022-03-24 01:42:20.954] [exthost] [warning] [Decorations] CAPPING events from decorations provider vscode.git 549
[2022-03-24 01:42:26.077] [exthost] [warning] [Decorations] CAPPING events from decorations provider vscode.git 554
[2022-03-24 01:42:31.191] [exthost] [warning] [Decorations] CAPPING events from decorations provider vscode.git 554
[2022-03-24 01:42:36.309] [exthost] [warning] [Decorations] CAPPING events from decorations provider vscode.git 559
[2022-03-24 01:42:41.418] [exthost] [warning] [Decorations] CAPPING events from decorations provider vscode.git 559
[2022-03-24 01:42:46.624] [exthost] [warning] [Decorations] CAPPING events from decorations provider vscode.git 559
[2022-03-24 01:42:47.069] [exthost] [info] ExtensionService#_doActivateExtension GitHub.remotehub, startup: false, activationEvent: 'onView:remoteHub.views.workspaceRepositories'
[2022-03-24 01:42:53.384] [exthost] [warning] [Decorations] CAPPING events from decorations provider vscode.git 560
[2022-03-24 01:42:58.605] [exthost] [warning] [Decorations] CAPPING events from decorations provider vscode.git 561
[2022-03-24 01:43:03.782] [exthost] [warning] [Decorations] CAPPING events from decorations provider vscode.git 561
[2022-03-24 01:43:45.320] [exthost] [warning] [Decorations] CAPPING events from decorations provider vscode.git 561
[2022-03-24 01:43:50.470] [exthost] [warning] [Decorations] CAPPING events from decorations provider vscode.git 561
[2022-03-24 01:43:55.669] [exthost] [warning] [Decorations] CAPPING events from decorations provider vscode.git 561
[2022-03-24 01:44:00.870] [exthost] [warning] [Decorations] CAPPING events from decorations provider vscode.git 561
[2022-03-24 01:44:06.031] [exthost] [warning] [Decorations] CAPPING events from decorations provider vscode.git 561
[2022-03-24 01:44:11.199] [exthost] [warning] [Decorations] CAPPING events from decorations provider vscode.git 561
[2022-03-24 01:44:16.373] [exthost] [warning] [Decorations] CAPPING events from decorations provider vscode.git 561
[2022-03-24 01:44:21.551] [exthost] [warning] [Decorations] CAPPING events from decorations provider vscode.git 561
[2022-03-24 01:44:26.790] [exthost] [warning] [Decorations] CAPPING events from decorations provider vscode.git 561
[2022-03-24 01:44:31.940] [exthost] [warning] [Decorations] CAPPING events from decorations provider vscode.git 561
[2022-03-24 01:44:37.106] [exthost] [warning] [Decorations] CAPPING events from decorations provider vscode.git 561
[2022-03-24 01:44:42.231] [exthost] [warning] [Decorations] CAPPING events from decorations provider vscode.git 561
[2022-03-24 01:46:03.990] [exthost] [warning] [Decorations] CAPPING events from decorations provider vscode.git 561
[2022-03-24 01:46:10.440] [exthost] [warning] [Decorations] CAPPING events from decorations provider vscode.git 561
[2022-03-24 01:46:15.538] [exthost] [warning] [Decorations] CAPPING events from decorations provider vscode.git 561
[2022-03-24 01:46:20.613] [exthost] [warning] [Decorations] CAPPING events from decorations provider vscode.git 561
[2022-03-24 01:46:25.695] [exthost] [warning] [Decorations] CAPPING events from decorations provider vscode.git 561
[2022-03-24 01:46:30.797] [exthost] [warning] [Decorations] CAPPING events from decorations provider vscode.git 561
[2022-03-24 01:48:44.531] [exthost] [warning] [Decorations] CAPPING events from decorations provider vscode.git 561
[2022-03-24 02:02:03.083] [exthost] [warning] [Decorations] CAPPING events from decorations provider vscode.git 561
[2022-03-24 02:02:08.174] [exthost] [warning] [Decorations] CAPPING events from decorations provider vscode.git 561
[2022-03-24 02:02:13.374] [exthost] [warning] [Decorations] CAPPING events from decorations provider vscode.git 561
[2022-03-24 02:02:18.567] [exthost] [warning] [Decorations] CAPPING events from decorations provider vscode.git 561
[2022-03-24 02:02:23.712] [exthost] [warning] [Decorations] CAPPING events from decorations provider vscode.git 561
[2022-03-24 02:02:28.910] [exthost] [warning] [Decorations] CAPPING events from decorations provider vscode.git 561
[2022-03-24 02:02:32.756] [exthost] [info] extension host terminating: renderer closed the socket
[2022-03-24 02:02:32.782] [exthost] [info] Extension host with pid 37684 exiting with code 0
