[Info  - 04:24:31.364] Reading sessions from keychain...
[Info  - 04:24:31.412] Getting sessions for all scopes...
[Error  - 04:24:31.412] Getting token failed: Error: Transporte desconhecido ou sem suporte “disabled” para o endereço “disabled:”
[Info  - 04:24:31.412] Got 0 sessions for ...
[Info  - 04:24:31.415] Getting sessions for repo,workflow...
[Info  - 04:24:31.415] Got 0 sessions for repo,workflow...
[Info  - 04:24:36.413] Logging in for the following scopes: repo workflow
[Info  - 04:26:10.135] Getting sessions for all scopes...
[Info  - 04:26:10.135] Got 0 sessions for ...
[Info  - 04:26:12.188] Getting sessions for all scopes...
[Info  - 04:26:12.188] Got 0 sessions for ...
[Info  - 04:26:23.814] Getting sessions for repo,workflow...
[Info  - 04:26:23.814] Got 0 sessions for repo,workflow...
[Info  - 04:26:25.799] Logging in for the following scopes: repo workflow
[Trace  - 04:26:58.254] Handling Uri...
[Info  - 04:26:58.255] State not found in accepted state. Skipping this execution...
[Info  - 04:32:27.804] Getting sessions for repo,workflow...
[Info  - 04:32:27.805] Got 0 sessions for repo,workflow...
[Info  - 04:33:23.771] Getting sessions for read:user,repo,user:email...
[Info  - 04:33:23.771] Got 0 sessions for read:user,repo,user:email...
[Info  - 04:33:34.961] Getting sessions for read:user,repo,user:email...
[Info  - 04:33:34.961] Got 0 sessions for read:user,repo,user:email...
[Info  - 04:33:39.579] Logging in for the following scopes: read:user repo user:email
[Info  - 04:34:49.768] Getting sessions for repo,workflow...
[Info  - 04:34:49.768] Got 0 sessions for repo,workflow...
[Info  - 04:34:52.931] Logging in for the following scopes: repo workflow
[Info  - 04:41:36.677] Getting sessions for read:user,repo,user:email...
[Info  - 04:41:36.678] Got 0 sessions for read:user,repo,user:email...
[Info  - 04:41:40.946] Logging in for the following scopes: read:user repo user:email
[Info  - 04:42:50.901] Getting sessions for repo,workflow...
[Info  - 04:42:50.901] Got 0 sessions for repo,workflow...
[Info  - 04:42:53.235] Logging in for the following scopes: repo workflow
[Info  - 04:43:53.385] Getting sessions for repo,workflow...
[Info  - 04:43:53.386] Got 0 sessions for repo,workflow...
[Info  - 04:44:47.705] Getting sessions for repo,workflow...
[Info  - 04:44:47.705] Got 0 sessions for repo,workflow...
[Info  - 04:44:49.379] Logging in for the following scopes: repo workflow
