[Info] /root/.ssh/config: ENOENT: no such file or directory, open '/root/.ssh/config'
[Info] Looking for git repository
[Info] Found 0 repositories during activation
[Info] Git repository found, initializing review manager and pr tree view.
[Info] Registering git provider
[Info] Repository file:///home/gabriel/P%C3%BAblico/crudAngular has been opened
[Info] Review> Validate state in progress
[Info] Review> Validating state...
[Info] Cannot updates repositories as git is uninitialized
[Info] Git initialization state changed: state=initialized
[Info] Review> Queuing additional validate state
[Info] Review> Validating state...
[Info] No remotes found. The following remotes are missing: origin, upstream
[Info] No GitHub remotes found
[Info] Review> Queuing additional validate state
[Info] Repo state for file:///home/gabriel/P%C3%BAblico/crudAngular changed.
[Info] Repo file:///home/gabriel/P%C3%BAblico/crudAngular has already been setup.
[Info] Review> Validating state...
[Info] Found GitHub remote
[Info] Review> no matching pull request metadata found for current branch master
[Info] Review> no matching pull request metadata found on GitHub for current branch master
