[2022-03-24T22:17:03.366Z] Validating found git in: git
[2022-03-24T22:17:03.399Z] Using git 2.25.1 from git
[2022-03-24T22:17:03.432Z] > git rev-parse --git-dir [11ms]
[2022-03-24T22:17:03.439Z] Open repository: /home/gabriel/Público/crudAngular
[2022-03-24T22:17:03.610Z] > git symbolic-ref --short HEAD [2ms]
[2022-03-24T22:17:03.617Z] > git for-each-ref --format=%(refname)%00%(upstream:short)%00%(objectname)%00%(upstream:track) refs/heads/master refs/remotes/master [1ms]
[2022-03-24T22:17:03.629Z] > git remote --verbose [2ms]
[2022-03-24T22:17:03.629Z] > git for-each-ref --sort -committerdate --format %(refname) %(objectname) %(*objectname) [7ms]
[2022-03-24T22:17:03.656Z] > git config --get commit.template [2ms]
[2022-03-24T22:17:03.702Z] > git config --local branch.master.github-pr-owner-number [7ms]
[2022-03-24T22:17:05.821Z] > git symbolic-ref --short HEAD [2ms]
[2022-03-24T22:17:05.827Z] > git for-each-ref --format=%(refname)%00%(upstream:short)%00%(objectname)%00%(upstream:track) refs/heads/master refs/remotes/master [2ms]
[2022-03-24T22:17:05.837Z] > git for-each-ref --sort -committerdate --format %(refname) %(objectname) %(*objectname) [6ms]
[2022-03-24T22:17:05.838Z] > git remote --verbose [2ms]
[2022-03-24T22:17:05.853Z] > git config --get commit.template [2ms]
[2022-03-24T22:17:10.943Z] > git symbolic-ref --short HEAD [2ms]
[2022-03-24T22:17:10.950Z] > git for-each-ref --format=%(refname)%00%(upstream:short)%00%(objectname)%00%(upstream:track) refs/heads/master refs/remotes/master [2ms]
[2022-03-24T22:17:10.965Z] > git for-each-ref --sort -committerdate --format %(refname) %(objectname) %(*objectname) [6ms]
[2022-03-24T22:17:10.965Z] > git remote --verbose [2ms]
[2022-03-24T22:17:11.008Z] > git config --get commit.template [6ms]
[2022-03-24T22:17:16.105Z] > git symbolic-ref --short HEAD [7ms]
[2022-03-24T22:17:16.126Z] > git for-each-ref --format=%(refname)%00%(upstream:short)%00%(objectname)%00%(upstream:track) refs/heads/master refs/remotes/master [6ms]
[2022-03-24T22:17:16.159Z] > git for-each-ref --sort -committerdate --format %(refname) %(objectname) %(*objectname) [18ms]
[2022-03-24T22:17:16.160Z] > git remote --verbose [4ms]
[2022-03-24T22:17:16.209Z] > git config --get commit.template [2ms]
[2022-03-24T22:17:22.181Z] > git symbolic-ref --short HEAD [9ms]
[2022-03-24T22:17:22.203Z] > git for-each-ref --format=%(refname)%00%(upstream:short)%00%(objectname)%00%(upstream:track) refs/heads/master refs/remotes/master [6ms]
[2022-03-24T22:17:22.239Z] > git for-each-ref --sort -committerdate --format %(refname) %(objectname) %(*objectname) [18ms]
[2022-03-24T22:17:22.240Z] > git remote --verbose [5ms]
[2022-03-24T22:17:22.268Z] > git config --get commit.template [2ms]
[2022-03-24T22:17:27.369Z] > git symbolic-ref --short HEAD [3ms]
[2022-03-24T22:17:27.378Z] > git for-each-ref --format=%(refname)%00%(upstream:short)%00%(objectname)%00%(upstream:track) refs/heads/master refs/remotes/master [2ms]
[2022-03-24T22:17:27.391Z] > git for-each-ref --sort -committerdate --format %(refname) %(objectname) %(*objectname) [8ms]
[2022-03-24T22:17:27.391Z] > git remote --verbose [3ms]
[2022-03-24T22:17:27.412Z] > git config --get commit.template [4ms]
[2022-03-24T22:17:32.446Z] > git symbolic-ref --short HEAD [1ms]
[2022-03-24T22:17:32.452Z] > git for-each-ref --format=%(refname)%00%(upstream:short)%00%(objectname)%00%(upstream:track) refs/heads/master refs/remotes/master [1ms]
[2022-03-24T22:17:32.463Z] > git for-each-ref --sort -committerdate --format %(refname) %(objectname) %(*objectname) [6ms]
[2022-03-24T22:17:32.463Z] > git remote --verbose [1ms]
[2022-03-24T22:17:32.480Z] > git config --get commit.template [1ms]
[2022-03-24T22:17:37.518Z] > git symbolic-ref --short HEAD [2ms]
[2022-03-24T22:17:37.524Z] > git for-each-ref --format=%(refname)%00%(upstream:short)%00%(objectname)%00%(upstream:track) refs/heads/master refs/remotes/master [2ms]
[2022-03-24T22:17:37.535Z] > git for-each-ref --sort -committerdate --format %(refname) %(objectname) %(*objectname) [6ms]
[2022-03-24T22:17:37.536Z] > git remote --verbose [2ms]
[2022-03-24T22:17:37.550Z] > git config --get commit.template [1ms]
[2022-03-24T22:17:42.611Z] > git symbolic-ref --short HEAD [9ms]
[2022-03-24T22:17:42.637Z] > git for-each-ref --format=%(refname)%00%(upstream:short)%00%(objectname)%00%(upstream:track) refs/heads/master refs/remotes/master [6ms]
[2022-03-24T22:17:42.658Z] > git for-each-ref --sort -committerdate --format %(refname) %(objectname) %(*objectname) [13ms]
[2022-03-24T22:17:42.661Z] > git remote --verbose [4ms]
[2022-03-24T22:17:42.675Z] > git config --get commit.template [1ms]
[2022-03-24T22:17:49.028Z] > git symbolic-ref --short HEAD [3ms]
[2022-03-24T22:17:49.037Z] > git for-each-ref --format=%(refname)%00%(upstream:short)%00%(objectname)%00%(upstream:track) refs/heads/master refs/remotes/master [2ms]
[2022-03-24T22:17:49.055Z] > git for-each-ref --sort -committerdate --format %(refname) %(objectname) %(*objectname) [11ms]
[2022-03-24T22:17:49.056Z] > git remote --verbose [3ms]
[2022-03-24T22:17:49.099Z] > git config --get commit.template [18ms]
[2022-03-24T22:17:54.181Z] > git symbolic-ref --short HEAD [2ms]
[2022-03-24T22:17:54.191Z] > git for-each-ref --format=%(refname)%00%(upstream:short)%00%(objectname)%00%(upstream:track) refs/heads/master refs/remotes/master [2ms]
[2022-03-24T22:17:54.204Z] > git for-each-ref --sort -committerdate --format %(refname) %(objectname) %(*objectname) [7ms]
[2022-03-24T22:17:54.205Z] > git remote --verbose [2ms]
[2022-03-24T22:17:54.229Z] > git config --get commit.template [3ms]
