[2022-03-22 19:12:17.631] [main] [info] window#load: attempt to load window (id: 1)
[2022-03-22 19:12:17.786] [main] [info] update#setState idle
[2022-03-22 19:12:18.298] [main] [info] ExtensionHostStarterWorker created
[2022-03-22 19:12:22.807] [main] [info] window#load: window reported ready (id: 1)
[2022-03-22 19:12:23.403] [main] [info] Starting extension host with pid 2656 (fork() took 18 ms).
[2022-03-22 19:12:23.404] [main] [info] ExtensionHostStarterWorker.start() took 23 ms.
[2022-03-22 19:12:37.050] [main] [info] window#load: attempt to load window (id: 1)
[2022-03-22 19:12:38.260] [main] [info] window#load: window reported ready (id: 1)
[2022-03-22 19:12:38.854] [main] [info] Starting extension host with pid 2708 (fork() took 23 ms).
[2022-03-22 19:12:38.855] [main] [info] ExtensionHostStarterWorker.start() took 31 ms.
[2022-03-22 19:12:42.866] [main] [info] Extension host with pid 2656 exited with code: 0, signal: null.
[2022-03-22 19:12:47.790] [main] [info] update#setState checking for updates
[2022-03-22 19:12:49.490] [main] [info] update#setState idle
[2022-03-22 20:12:47.818] [main] [info] update#setState checking for updates
[2022-03-22 20:12:49.957] [main] [info] update#setState idle
[2022-03-23 19:53:32.309] [main] [info] update#setState checking for updates
[2022-03-23 19:53:33.479] [main] [info] update#setState idle
[2022-03-23 20:53:32.442] [main] [info] update#setState checking for updates
[2022-03-23 20:53:33.796] [main] [info] update#setState idle
[2022-03-23 21:53:32.568] [main] [info] update#setState checking for updates
[2022-03-23 21:53:33.610] [main] [info] update#setState idle
[2022-03-23 22:53:32.675] [main] [info] update#setState checking for updates
[2022-03-23 22:53:33.767] [main] [info] update#setState idle
[2022-03-23 23:36:11.663] [main] [info] window#load: attempt to load window (id: 1)
[2022-03-23 23:36:11.916] [main] [info] Extension host with pid 2708 exited with code: 0, signal: null.
[2022-03-23 23:36:18.752] [main] [info] window#load: window reported ready (id: 1)
[2022-03-23 23:36:19.390] [main] [info] Starting extension host with pid 11513 (fork() took 40 ms).
[2022-03-23 23:36:19.391] [main] [info] ExtensionHostStarterWorker.start() took 49 ms.
[2022-03-23 23:36:34.023] [main] [info] window#load: attempt to load window (id: 1)
[2022-03-23 23:36:34.067] [main] [info] Extension host with pid 11513 exited with code: 0, signal: null.
[2022-03-23 23:36:35.374] [main] [info] window#load: window reported ready (id: 1)
[2022-03-23 23:36:36.445] [main] [info] Starting extension host with pid 11565 (fork() took 12 ms).
[2022-03-23 23:36:36.446] [main] [info] ExtensionHostStarterWorker.start() took 16 ms.
[2022-03-23 23:36:54.733] [main] [info] Waiting for extension host with pid 11565 to exit.
[2022-03-23 23:36:54.773] [main] [info] Extension host with pid 11565 exited with code: 0, signal: null.
