[2022-03-22 19:12:43.790] [sharedprocess] [info] Starting worker process with pid 2744 (type: fileWatcher, window: 1).
[2022-03-22 19:12:59.336] [sharedprocess] [info] Getting Manifest... pkief.material-icon-theme
[2022-03-22 19:12:59.339] [sharedprocess] [info] Getting Manifest... eridem.vscode-postman
[2022-03-22 19:12:59.357] [sharedprocess] [info] Installing extension: pkief.material-icon-theme
[2022-03-22 19:12:59.360] [sharedprocess] [info] Installing extension: eridem.vscode-postman
[2022-03-22 19:13:01.401] [sharedprocess] [info] Downloaded extension: pkief.material-icon-theme /home/gabriel/Público/crudAngular/frontend/~/.vscode-root/CachedExtensionVSIXs/pkief.material-icon-theme-4.14.1
[2022-03-22 19:13:04.849] [sharedprocess] [info] Extracted extension to /root/.vscode/extensions/.c69ce888-cccf-4cad-8d07-07128706a592: pkief.material-icon-theme
[2022-03-22 19:13:04.911] [sharedprocess] [info] Renamed to /root/.vscode/extensions/pkief.material-icon-theme-4.14.1
[2022-03-22 19:13:04.914] [sharedprocess] [info] Extracting completed. pkief.material-icon-theme
[2022-03-22 19:13:04.919] [sharedprocess] [info] Extension installed successfully: pkief.material-icon-theme
[2022-03-22 19:13:07.330] [sharedprocess] [info] Downloaded extension: eridem.vscode-postman /home/gabriel/Público/crudAngular/frontend/~/.vscode-root/CachedExtensionVSIXs/eridem.vscode-postman-2.1.0
[2022-03-22 19:13:17.463] [sharedprocess] [info] Extracted extension to /root/.vscode/extensions/.66e71409-a637-446a-8579-9914085454c3: eridem.vscode-postman
[2022-03-22 19:13:17.547] [sharedprocess] [info] Renamed to /root/.vscode/extensions/eridem.vscode-postman-2.1.0
[2022-03-22 19:13:17.556] [sharedprocess] [info] Extracting completed. eridem.vscode-postman
[2022-03-22 19:13:17.575] [sharedprocess] [info] Extension installed successfully: eridem.vscode-postman
[2022-03-22 19:27:55.285] [sharedprocess] [info] Getting Manifest... steoates.autoimport
[2022-03-22 19:27:55.337] [sharedprocess] [info] Installing extension: steoates.autoimport
[2022-03-22 19:27:58.240] [sharedprocess] [info] Downloaded extension: steoates.autoimport /home/gabriel/Público/crudAngular/frontend/~/.vscode-root/CachedExtensionVSIXs/steoates.autoimport-1.5.4
[2022-03-22 19:28:00.971] [sharedprocess] [info] Extracted extension to /root/.vscode/extensions/.e1ad27aa-4938-4b7d-a9e7-0c524597374e: steoates.autoimport
[2022-03-22 19:28:01.051] [sharedprocess] [info] Renamed to /root/.vscode/extensions/steoates.autoimport-1.5.4
[2022-03-22 19:28:01.053] [sharedprocess] [info] Extracting completed. steoates.autoimport
[2022-03-22 19:28:01.060] [sharedprocess] [info] Extension installed successfully: steoates.autoimport
[2022-03-23 23:36:11.902] [sharedprocess] [info] Worker process with pid 2744 terminated normally (type: fileWatcher, window: 1).
[2022-03-23 23:36:19.528] [sharedprocess] [info] Starting worker process with pid 11514 (type: fileWatcher, window: 1).
[2022-03-23 23:36:34.074] [sharedprocess] [info] Worker process with pid 11514 terminated normally (type: fileWatcher, window: 1).
[2022-03-23 23:36:37.075] [sharedprocess] [info] Starting worker process with pid 11577 (type: fileWatcher, window: 1).
[2022-03-23 23:36:51.264] [sharedprocess] [info] Getting Manifest... ms-ceintl.vscode-language-pack-pt-br
[2022-03-23 23:36:51.894] [sharedprocess] [info] Installing extension: ms-ceintl.vscode-language-pack-pt-br
[2022-03-23 23:36:53.752] [sharedprocess] [info] Downloaded extension: ms-ceintl.vscode-language-pack-pt-br /home/gabriel/Público/crudAngular/frontend/~/.vscode-root/CachedExtensionVSIXs/ms-ceintl.vscode-language-pack-pt-br-1.65.3
[2022-03-23 23:36:54.106] [sharedprocess] [info] Extracted extension to /root/.vscode/extensions/.07d71bc9-b5ad-49e7-835f-5e5feaaa0752: ms-ceintl.vscode-language-pack-pt-br
[2022-03-23 23:36:54.157] [sharedprocess] [info] Renamed to /root/.vscode/extensions/ms-ceintl.vscode-language-pack-pt-br-1.65.3
[2022-03-23 23:36:54.160] [sharedprocess] [info] Extracting completed. ms-ceintl.vscode-language-pack-pt-br
[2022-03-23 23:36:54.161] [sharedprocess] [info] Adding language packs from the extension ms-ceintl.vscode-language-pack-pt-br
[2022-03-23 23:36:54.278] [sharedprocess] [info] Extension installed successfully: ms-ceintl.vscode-language-pack-pt-br
